<?xml version="1.0" encoding="UTF-8"?>
<testsuites name="jest tests" tests="1" failures="0" time="1.695">
  <testsuite name="Migration handler" errors="0" failures="0" skipped="0" timestamp="2021-10-18T10:36:36" time="0.925" tests="1">
    <testcase classname="Migration handler when migrating to a newer version should change mappingId correctly" name="Migration handler when migrating to a newer version should change mappingId correctly" time="0.002">
    </testcase>
  </testsuite>
</testsuites>